<?xml version="1.0" encoding="UTF-8"?>
<testsuite name="me.tdd.book.password.PasswordStrengthMeterTest" tests="10" skipped="0" failures="0" errors="0" timestamp="2024-07-29T14:17:32" hostname="inbokui-MacBookPro.local" time="0.017">
  <properties/>
  <testcase name="길이8 x" classname="me.tdd.book.password.PasswordStrengthMeterTest" time="0.008"/>
  <testcase name="숫자 x" classname="me.tdd.book.password.PasswordStrengthMeterTest" time="0.0"/>
  <testcase name="숫자 o" classname="me.tdd.book.password.PasswordStrengthMeterTest" time="0.0"/>
  <testcase name="대문자 x" classname="me.tdd.book.password.PasswordStrengthMeterTest" time="0.001"/>
  <testcase name="대문자 o" classname="me.tdd.book.password.PasswordStrengthMeterTest" time="0.001"/>
  <testcase name="길이8 o" classname="me.tdd.book.password.PasswordStrengthMeterTest" time="0.0"/>
  <testcase name="아무것도 충족 x" classname="me.tdd.book.password.PasswordStrengthMeterTest" time="0.0"/>
  <testcase name="빈 값 입력" classname="me.tdd.book.password.PasswordStrengthMeterTest" time="0.001"/>
  <testcase name="Null 이 입력된 경우" classname="me.tdd.book.password.PasswordStrengthMeterTest" time="0.001"/>
  <testcase name="비밀번호가 모든 조건 충족" classname="me.tdd.book.password.PasswordStrengthMeterTest" time="0.001"/>
  <system-out><![CDATA[]]></system-out>
  <system-err><![CDATA[]]></system-err>
</testsuite>
